mode: atomic
github.com/disaster37/go-centreon-rest/v21/client.go:33.42,35.2 1 0
github.com/disaster37/go-centreon-rest/v21/client.go:38.45,39.23 1 2
github.com/disaster37/go-centreon-rest/v21/client.go:43.2,55.31 2 2
github.com/disaster37/go-centreon-rest/v21/client.go:59.2,59.34 1 2
github.com/disaster37/go-centreon-rest/v21/client.go:63.2,69.70 2 2
github.com/disaster37/go-centreon-rest/v21/client.go:80.2,80.20 1 2
github.com/disaster37/go-centreon-rest/v21/client.go:39.23,41.3 1 0
github.com/disaster37/go-centreon-rest/v21/client.go:55.31,57.3 1 0
github.com/disaster37/go-centreon-rest/v21/client.go:59.34,61.3 1 0
github.com/disaster37/go-centreon-rest/v21/client.go:69.70,70.48 1 1
github.com/disaster37/go-centreon-rest/v21/client.go:77.3,77.15 1 1
github.com/disaster37/go-centreon-rest/v21/client.go:70.48,71.44 1 0
github.com/disaster37/go-centreon-rest/v21/client.go:75.4,75.15 1 0
github.com/disaster37/go-centreon-rest/v21/client.go:71.44,74.5 2 0
github.com/disaster37/go-centreon-rest/v21/client.go:84.37,86.2 1 1
github.com/disaster37/go-centreon-rest/v21/client.go:88.41,100.16 2 1
github.com/disaster37/go-centreon-rest/v21/client.go:103.2,103.30 1 1
github.com/disaster37/go-centreon-rest/v21/client.go:106.2,107.60 2 1
github.com/disaster37/go-centreon-rest/v21/client.go:110.2,110.31 1 1
github.com/disaster37/go-centreon-rest/v21/client.go:113.2,115.12 2 1
github.com/disaster37/go-centreon-rest/v21/client.go:100.16,102.3 1 0
github.com/disaster37/go-centreon-rest/v21/client.go:103.30,105.3 1 0
github.com/disaster37/go-centreon-rest/v21/client.go:107.60,109.3 1 0
github.com/disaster37/go-centreon-rest/v21/client.go:110.31,112.3 1 0
github.com/disaster37/go-centreon-rest/v21/api/api.service.go:17.50,21.2 1 23
github.com/disaster37/go-centreon-rest/v21/api/api.service.go:24.86,26.16 2 3
github.com/disaster37/go-centreon-rest/v21/api/api.service.go:30.2,30.17 1 2
github.com/disaster37/go-centreon-rest/v21/api/api.service.go:34.2,38.21 2 1
github.com/disaster37/go-centreon-rest/v21/api/api.service.go:26.16,28.3 1 1
github.com/disaster37/go-centreon-rest/v21/api/api.service.go:30.17,32.3 1 1
github.com/disaster37/go-centreon-rest/v21/api/api.service.go:42.73,44.16 2 3
github.com/disaster37/go-centreon-rest/v21/api/api.service.go:48.2,49.29 2 2
github.com/disaster37/go-centreon-rest/v21/api/api.service.go:56.2,56.22 1 2
github.com/disaster37/go-centreon-rest/v21/api/api.service.go:44.16,46.3 1 1
github.com/disaster37/go-centreon-rest/v21/api/api.service.go:49.29,54.3 2 1
github.com/disaster37/go-centreon-rest/v21/api/api.service_template.go:17.66,21.2 1 23
github.com/disaster37/go-centreon-rest/v21/api/api.service_template.go:24.102,26.16 2 3
github.com/disaster37/go-centreon-rest/v21/api/api.service_template.go:30.2,30.17 1 2
github.com/disaster37/go-centreon-rest/v21/api/api.service_template.go:34.2,38.21 2 1
github.com/disaster37/go-centreon-rest/v21/api/api.service_template.go:26.16,28.3 1 1
github.com/disaster37/go-centreon-rest/v21/api/api.service_template.go:30.17,32.3 1 1
github.com/disaster37/go-centreon-rest/v21/api/api.service_template.go:42.89,44.16 2 3
github.com/disaster37/go-centreon-rest/v21/api/api.service_template.go:48.2,49.29 2 2
github.com/disaster37/go-centreon-rest/v21/api/api.service_template.go:56.2,56.22 1 2
github.com/disaster37/go-centreon-rest/v21/api/api.service_template.go:44.16,46.3 1 1
github.com/disaster37/go-centreon-rest/v21/api/api.service_template.go:49.29,54.3 2 1
github.com/disaster37/go-centreon-rest/v21/api/api_impl.go:13.36,19.2 1 23
github.com/disaster37/go-centreon-rest/v21/api/api_impl.go:22.42,24.2 1 6
github.com/disaster37/go-centreon-rest/v21/api/api_impl.go:27.58,29.2 1 6
github.com/disaster37/go-centreon-rest/v21/api/api_impl.go:32.44,34.2 1 18
github.com/disaster37/go-centreon-rest/v21/api/api_models.go:21.80,27.2 1 51
github.com/disaster37/go-centreon-rest/v21/api/api.service.base.go:20.80,25.2 1 64
github.com/disaster37/go-centreon-rest/v21/api/api.service.base.go:28.94,29.16 1 9
github.com/disaster37/go-centreon-rest/v21/api/api.service.base.go:32.2,32.16 1 9
github.com/disaster37/go-centreon-rest/v21/api/api.service.base.go:35.2,43.16 6 9
github.com/disaster37/go-centreon-rest/v21/api/api.service.base.go:46.2,46.30 1 9
github.com/disaster37/go-centreon-rest/v21/api/api.service.base.go:50.2,51.59 2 6
github.com/disaster37/go-centreon-rest/v21/api/api.service.base.go:54.2,55.64 2 6
github.com/disaster37/go-centreon-rest/v21/api/api.service.base.go:58.2,58.24 1 6
github.com/disaster37/go-centreon-rest/v21/api/api.service.base.go:62.2,64.25 2 3
github.com/disaster37/go-centreon-rest/v21/api/api.service.base.go:29.16,31.3 1 0
github.com/disaster37/go-centreon-rest/v21/api/api.service.base.go:32.16,34.3 1 0
github.com/disaster37/go-centreon-rest/v21/api/api.service.base.go:43.16,45.3 1 0
github.com/disaster37/go-centreon-rest/v21/api/api.service.base.go:46.30,48.3 1 3
github.com/disaster37/go-centreon-rest/v21/api/api.service.base.go:51.59,53.3 1 0
github.com/disaster37/go-centreon-rest/v21/api/api.service.base.go:55.64,57.3 1 0
github.com/disaster37/go-centreon-rest/v21/api/api.service.base.go:58.24,60.3 1 3
github.com/disaster37/go-centreon-rest/v21/api/api.service.base.go:68.81,75.16 4 9
github.com/disaster37/go-centreon-rest/v21/api/api.service.base.go:78.2,78.30 1 9
github.com/disaster37/go-centreon-rest/v21/api/api.service.base.go:82.2,83.59 2 6
github.com/disaster37/go-centreon-rest/v21/api/api.service.base.go:86.2,87.64 2 6
github.com/disaster37/go-centreon-rest/v21/api/api.service.base.go:91.2,93.22 2 6
github.com/disaster37/go-centreon-rest/v21/api/api.service.base.go:75.16,77.3 1 0
github.com/disaster37/go-centreon-rest/v21/api/api.service.base.go:78.30,80.3 1 3
github.com/disaster37/go-centreon-rest/v21/api/api.service.base.go:83.59,85.3 1 0
github.com/disaster37/go-centreon-rest/v21/api/api.service.base.go:87.64,89.3 1 0
github.com/disaster37/go-centreon-rest/v21/api/api.service.base.go:97.72,98.16 1 2
github.com/disaster37/go-centreon-rest/v21/api/api.service.base.go:101.2,101.16 1 2
github.com/disaster37/go-centreon-rest/v21/api/api.service.base.go:104.2,113.16 7 2
github.com/disaster37/go-centreon-rest/v21/api/api.service.base.go:116.2,116.30 1 2
github.com/disaster37/go-centreon-rest/v21/api/api.service.base.go:120.2,120.12 1 1
github.com/disaster37/go-centreon-rest/v21/api/api.service.base.go:98.16,100.3 1 0
github.com/disaster37/go-centreon-rest/v21/api/api.service.base.go:101.16,103.3 1 0
github.com/disaster37/go-centreon-rest/v21/api/api.service.base.go:113.16,115.3 1 0
github.com/disaster37/go-centreon-rest/v21/api/api.service.base.go:116.30,118.3 1 1
github.com/disaster37/go-centreon-rest/v21/api/api.service.base.go:124.65,125.16 1 2
github.com/disaster37/go-centreon-rest/v21/api/api.service.base.go:128.2,128.16 1 2
github.com/disaster37/go-centreon-rest/v21/api/api.service.base.go:131.2,139.16 6 2
github.com/disaster37/go-centreon-rest/v21/api/api.service.base.go:142.2,142.30 1 2
github.com/disaster37/go-centreon-rest/v21/api/api.service.base.go:146.2,148.12 2 1
github.com/disaster37/go-centreon-rest/v21/api/api.service.base.go:125.16,127.3 1 0
github.com/disaster37/go-centreon-rest/v21/api/api.service.base.go:128.16,130.3 1 0
github.com/disaster37/go-centreon-rest/v21/api/api.service.base.go:139.16,141.3 1 0
github.com/disaster37/go-centreon-rest/v21/api/api.service.base.go:142.30,144.3 1 1
github.com/disaster37/go-centreon-rest/v21/api/api.service.base.go:152.83,153.16 1 2
github.com/disaster37/go-centreon-rest/v21/api/api.service.base.go:156.2,156.19 1 2
github.com/disaster37/go-centreon-rest/v21/api/api.service.base.go:159.2,159.16 1 2
github.com/disaster37/go-centreon-rest/v21/api/api.service.base.go:162.2,171.16 7 2
github.com/disaster37/go-centreon-rest/v21/api/api.service.base.go:174.2,174.30 1 2
github.com/disaster37/go-centreon-rest/v21/api/api.service.base.go:178.2,180.12 2 1
github.com/disaster37/go-centreon-rest/v21/api/api.service.base.go:153.16,155.3 1 0
github.com/disaster37/go-centreon-rest/v21/api/api.service.base.go:156.19,158.3 1 0
github.com/disaster37/go-centreon-rest/v21/api/api.service.base.go:159.16,161.3 1 0
github.com/disaster37/go-centreon-rest/v21/api/api.service.base.go:171.16,173.3 1 0
github.com/disaster37/go-centreon-rest/v21/api/api.service.base.go:174.30,176.3 1 1
github.com/disaster37/go-centreon-rest/v21/api/api.service.base.go:184.113,185.16 1 2
github.com/disaster37/go-centreon-rest/v21/api/api.service.base.go:188.2,188.19 1 2
github.com/disaster37/go-centreon-rest/v21/api/api.service.base.go:191.2,191.39 1 2
github.com/disaster37/go-centreon-rest/v21/api/api.service.base.go:194.2,202.16 6 2
github.com/disaster37/go-centreon-rest/v21/api/api.service.base.go:205.2,205.30 1 2
github.com/disaster37/go-centreon-rest/v21/api/api.service.base.go:209.2,210.60 2 1
github.com/disaster37/go-centreon-rest/v21/api/api.service.base.go:213.2,214.66 2 1
github.com/disaster37/go-centreon-rest/v21/api/api.service.base.go:218.2,218.25 1 1
github.com/disaster37/go-centreon-rest/v21/api/api.service.base.go:222.2,224.26 2 1
github.com/disaster37/go-centreon-rest/v21/api/api.service.base.go:185.16,187.3 1 0
github.com/disaster37/go-centreon-rest/v21/api/api.service.base.go:188.19,190.3 1 0
github.com/disaster37/go-centreon-rest/v21/api/api.service.base.go:191.39,193.3 1 0
github.com/disaster37/go-centreon-rest/v21/api/api.service.base.go:202.16,204.3 1 0
github.com/disaster37/go-centreon-rest/v21/api/api.service.base.go:205.30,207.3 1 1
github.com/disaster37/go-centreon-rest/v21/api/api.service.base.go:210.60,212.3 1 0
github.com/disaster37/go-centreon-rest/v21/api/api.service.base.go:214.66,216.3 1 0
github.com/disaster37/go-centreon-rest/v21/api/api.service.base.go:218.25,220.3 1 0
github.com/disaster37/go-centreon-rest/v21/api/api.service.base.go:228.95,229.16 1 2
github.com/disaster37/go-centreon-rest/v21/api/api.service.base.go:232.2,232.19 1 2
github.com/disaster37/go-centreon-rest/v21/api/api.service.base.go:235.2,242.16 5 2
github.com/disaster37/go-centreon-rest/v21/api/api.service.base.go:245.2,245.30 1 2
github.com/disaster37/go-centreon-rest/v21/api/api.service.base.go:249.2,250.60 2 1
github.com/disaster37/go-centreon-rest/v21/api/api.service.base.go:253.2,254.63 2 1
github.com/disaster37/go-centreon-rest/v21/api/api.service.base.go:258.2,260.20 2 1
github.com/disaster37/go-centreon-rest/v21/api/api.service.base.go:229.16,231.3 1 0
github.com/disaster37/go-centreon-rest/v21/api/api.service.base.go:232.19,234.3 1 0
github.com/disaster37/go-centreon-rest/v21/api/api.service.base.go:242.16,244.3 1 0
github.com/disaster37/go-centreon-rest/v21/api/api.service.base.go:245.30,247.3 1 1
github.com/disaster37/go-centreon-rest/v21/api/api.service.base.go:250.60,252.3 1 0
github.com/disaster37/go-centreon-rest/v21/api/api.service.base.go:254.63,256.3 1 0
github.com/disaster37/go-centreon-rest/v21/api/api.service.base.go:265.91,266.16 1 2
github.com/disaster37/go-centreon-rest/v21/api/api.service.base.go:269.2,269.19 1 2
github.com/disaster37/go-centreon-rest/v21/api/api.service.base.go:272.2,272.38 1 2
github.com/disaster37/go-centreon-rest/v21/api/api.service.base.go:275.2,283.16 6 2
github.com/disaster37/go-centreon-rest/v21/api/api.service.base.go:286.2,286.30 1 2
github.com/disaster37/go-centreon-rest/v21/api/api.service.base.go:290.2,292.12 2 1
github.com/disaster37/go-centreon-rest/v21/api/api.service.base.go:266.16,268.3 1 0
github.com/disaster37/go-centreon-rest/v21/api/api.service.base.go:269.19,271.3 1 0
github.com/disaster37/go-centreon-rest/v21/api/api.service.base.go:272.38,274.3 1 0
github.com/disaster37/go-centreon-rest/v21/api/api.service.base.go:283.16,285.3 1 0
github.com/disaster37/go-centreon-rest/v21/api/api.service.base.go:286.30,288.3 1 1
github.com/disaster37/go-centreon-rest/v21/api/api.service.base.go:296.79,297.16 1 2
github.com/disaster37/go-centreon-rest/v21/api/api.service.base.go:300.2,300.19 1 2
github.com/disaster37/go-centreon-rest/v21/api/api.service.base.go:303.2,303.16 1 2
github.com/disaster37/go-centreon-rest/v21/api/api.service.base.go:306.2,314.16 6 2
github.com/disaster37/go-centreon-rest/v21/api/api.service.base.go:317.2,317.30 1 2
github.com/disaster37/go-centreon-rest/v21/api/api.service.base.go:321.2,323.12 2 1
github.com/disaster37/go-centreon-rest/v21/api/api.service.base.go:297.16,299.3 1 0
github.com/disaster37/go-centreon-rest/v21/api/api.service.base.go:300.19,302.3 1 0
github.com/disaster37/go-centreon-rest/v21/api/api.service.base.go:303.16,305.3 1 0
github.com/disaster37/go-centreon-rest/v21/api/api.service.base.go:314.16,316.3 1 0
github.com/disaster37/go-centreon-rest/v21/api/api.service.base.go:317.30,319.3 1 1
github.com/disaster37/go-centreon-rest/v21/api/api.service.base.go:327.96,328.16 1 2
github.com/disaster37/go-centreon-rest/v21/api/api.service.base.go:331.2,331.19 1 2
github.com/disaster37/go-centreon-rest/v21/api/api.service.base.go:334.2,341.16 5 2
github.com/disaster37/go-centreon-rest/v21/api/api.service.base.go:344.2,344.30 1 2
github.com/disaster37/go-centreon-rest/v21/api/api.service.base.go:348.2,349.60 2 1
github.com/disaster37/go-centreon-rest/v21/api/api.service.base.go:352.2,354.63 3 1
github.com/disaster37/go-centreon-rest/v21/api/api.service.base.go:358.2,358.29 1 1
github.com/disaster37/go-centreon-rest/v21/api/api.service.base.go:362.2,364.24 2 1
github.com/disaster37/go-centreon-rest/v21/api/api.service.base.go:328.16,330.3 1 0
github.com/disaster37/go-centreon-rest/v21/api/api.service.base.go:331.19,333.3 1 0
github.com/disaster37/go-centreon-rest/v21/api/api.service.base.go:341.16,343.3 1 0
github.com/disaster37/go-centreon-rest/v21/api/api.service.base.go:344.30,346.3 1 1
github.com/disaster37/go-centreon-rest/v21/api/api.service.base.go:349.60,351.3 1 0
github.com/disaster37/go-centreon-rest/v21/api/api.service.base.go:354.63,356.3 1 0
github.com/disaster37/go-centreon-rest/v21/api/api.service.base.go:358.29,360.3 1 1
github.com/disaster37/go-centreon-rest/v21/api/api.service.base.go:368.96,369.16 1 2
github.com/disaster37/go-centreon-rest/v21/api/api.service.base.go:372.2,372.19 1 2
github.com/disaster37/go-centreon-rest/v21/api/api.service.base.go:375.2,375.47 1 2
github.com/disaster37/go-centreon-rest/v21/api/api.service.base.go:378.2,386.16 6 2
github.com/disaster37/go-centreon-rest/v21/api/api.service.base.go:389.2,389.30 1 2
github.com/disaster37/go-centreon-rest/v21/api/api.service.base.go:393.2,395.12 2 1
github.com/disaster37/go-centreon-rest/v21/api/api.service.base.go:369.16,371.3 1 0
github.com/disaster37/go-centreon-rest/v21/api/api.service.base.go:372.19,374.3 1 0
github.com/disaster37/go-centreon-rest/v21/api/api.service.base.go:375.47,377.3 1 0
github.com/disaster37/go-centreon-rest/v21/api/api.service.base.go:386.16,388.3 1 0
github.com/disaster37/go-centreon-rest/v21/api/api.service.base.go:389.30,391.3 1 1
github.com/disaster37/go-centreon-rest/v21/api/api.service.base.go:399.99,400.16 1 2
github.com/disaster37/go-centreon-rest/v21/api/api.service.base.go:403.2,403.19 1 2
github.com/disaster37/go-centreon-rest/v21/api/api.service.base.go:406.2,406.47 1 2
github.com/disaster37/go-centreon-rest/v21/api/api.service.base.go:409.2,417.16 6 2
github.com/disaster37/go-centreon-rest/v21/api/api.service.base.go:420.2,420.30 1 2
github.com/disaster37/go-centreon-rest/v21/api/api.service.base.go:424.2,426.12 2 1
github.com/disaster37/go-centreon-rest/v21/api/api.service.base.go:400.16,402.3 1 0
github.com/disaster37/go-centreon-rest/v21/api/api.service.base.go:403.19,405.3 1 0
github.com/disaster37/go-centreon-rest/v21/api/api.service.base.go:406.47,408.3 1 0
github.com/disaster37/go-centreon-rest/v21/api/api.service.base.go:417.16,419.3 1 0
github.com/disaster37/go-centreon-rest/v21/api/api.service.base.go:420.30,422.3 1 1
github.com/disaster37/go-centreon-rest/v21/api/api.service.base.go:430.102,431.16 1 2
github.com/disaster37/go-centreon-rest/v21/api/api.service.base.go:434.2,434.19 1 2
github.com/disaster37/go-centreon-rest/v21/api/api.service.base.go:437.2,444.16 5 2
github.com/disaster37/go-centreon-rest/v21/api/api.service.base.go:447.2,447.30 1 2
github.com/disaster37/go-centreon-rest/v21/api/api.service.base.go:451.2,452.60 2 1
github.com/disaster37/go-centreon-rest/v21/api/api.service.base.go:455.2,457.63 3 1
github.com/disaster37/go-centreon-rest/v21/api/api.service.base.go:461.2,461.29 1 1
github.com/disaster37/go-centreon-rest/v21/api/api.service.base.go:465.2,467.27 2 1
github.com/disaster37/go-centreon-rest/v21/api/api.service.base.go:431.16,433.3 1 0
github.com/disaster37/go-centreon-rest/v21/api/api.service.base.go:434.19,436.3 1 0
github.com/disaster37/go-centreon-rest/v21/api/api.service.base.go:444.16,446.3 1 0
github.com/disaster37/go-centreon-rest/v21/api/api.service.base.go:447.30,449.3 1 1
github.com/disaster37/go-centreon-rest/v21/api/api.service.base.go:452.60,454.3 1 0
github.com/disaster37/go-centreon-rest/v21/api/api.service.base.go:457.63,459.3 1 0
github.com/disaster37/go-centreon-rest/v21/api/api.service.base.go:461.29,463.3 1 1
github.com/disaster37/go-centreon-rest/v21/api/api.service.base.go:471.102,472.16 1 2
github.com/disaster37/go-centreon-rest/v21/api/api.service.base.go:475.2,475.19 1 2
github.com/disaster37/go-centreon-rest/v21/api/api.service.base.go:478.2,478.53 1 2
github.com/disaster37/go-centreon-rest/v21/api/api.service.base.go:481.2,489.16 6 2
github.com/disaster37/go-centreon-rest/v21/api/api.service.base.go:492.2,492.30 1 2
github.com/disaster37/go-centreon-rest/v21/api/api.service.base.go:496.2,498.12 2 1
github.com/disaster37/go-centreon-rest/v21/api/api.service.base.go:472.16,474.3 1 0
github.com/disaster37/go-centreon-rest/v21/api/api.service.base.go:475.19,477.3 1 0
github.com/disaster37/go-centreon-rest/v21/api/api.service.base.go:478.53,480.3 1 0
github.com/disaster37/go-centreon-rest/v21/api/api.service.base.go:489.16,491.3 1 0
github.com/disaster37/go-centreon-rest/v21/api/api.service.base.go:492.30,494.3 1 1
github.com/disaster37/go-centreon-rest/v21/api/api.service.base.go:502.105,503.16 1 2
github.com/disaster37/go-centreon-rest/v21/api/api.service.base.go:506.2,506.19 1 2
github.com/disaster37/go-centreon-rest/v21/api/api.service.base.go:509.2,509.53 1 2
github.com/disaster37/go-centreon-rest/v21/api/api.service.base.go:512.2,520.16 6 2
github.com/disaster37/go-centreon-rest/v21/api/api.service.base.go:523.2,523.30 1 2
github.com/disaster37/go-centreon-rest/v21/api/api.service.base.go:527.2,529.12 2 1
github.com/disaster37/go-centreon-rest/v21/api/api.service.base.go:503.16,505.3 1 0
github.com/disaster37/go-centreon-rest/v21/api/api.service.base.go:506.19,508.3 1 0
github.com/disaster37/go-centreon-rest/v21/api/api.service.base.go:509.53,511.3 1 0
github.com/disaster37/go-centreon-rest/v21/api/api.service.base.go:520.16,522.3 1 0
github.com/disaster37/go-centreon-rest/v21/api/api.service.base.go:523.30,525.3 1 1
github.com/disaster37/go-centreon-rest/v21/api/api.service.base.go:533.86,534.16 1 2
github.com/disaster37/go-centreon-rest/v21/api/api.service.base.go:537.2,537.19 1 2
github.com/disaster37/go-centreon-rest/v21/api/api.service.base.go:540.2,547.16 5 2
github.com/disaster37/go-centreon-rest/v21/api/api.service.base.go:550.2,550.30 1 2
github.com/disaster37/go-centreon-rest/v21/api/api.service.base.go:554.2,555.60 2 1
github.com/disaster37/go-centreon-rest/v21/api/api.service.base.go:558.2,560.63 3 1
github.com/disaster37/go-centreon-rest/v21/api/api.service.base.go:564.2,564.29 1 1
github.com/disaster37/go-centreon-rest/v21/api/api.service.base.go:568.2,570.19 2 1
github.com/disaster37/go-centreon-rest/v21/api/api.service.base.go:534.16,536.3 1 0
github.com/disaster37/go-centreon-rest/v21/api/api.service.base.go:537.19,539.3 1 0
github.com/disaster37/go-centreon-rest/v21/api/api.service.base.go:547.16,549.3 1 0
github.com/disaster37/go-centreon-rest/v21/api/api.service.base.go:550.30,552.3 1 1
github.com/disaster37/go-centreon-rest/v21/api/api.service.base.go:555.60,557.3 1 0
github.com/disaster37/go-centreon-rest/v21/api/api.service.base.go:560.63,562.3 1 0
github.com/disaster37/go-centreon-rest/v21/api/api.service.base.go:564.29,566.3 1 1
github.com/disaster37/go-centreon-rest/v21/api/api.service.base.go:574.86,575.16 1 2
github.com/disaster37/go-centreon-rest/v21/api/api.service.base.go:578.2,578.19 1 2
github.com/disaster37/go-centreon-rest/v21/api/api.service.base.go:581.2,581.37 1 2
github.com/disaster37/go-centreon-rest/v21/api/api.service.base.go:584.2,592.16 6 2
github.com/disaster37/go-centreon-rest/v21/api/api.service.base.go:595.2,595.30 1 2
github.com/disaster37/go-centreon-rest/v21/api/api.service.base.go:599.2,601.12 2 1
github.com/disaster37/go-centreon-rest/v21/api/api.service.base.go:575.16,577.3 1 0
github.com/disaster37/go-centreon-rest/v21/api/api.service.base.go:578.19,580.3 1 0
github.com/disaster37/go-centreon-rest/v21/api/api.service.base.go:581.37,583.3 1 0
github.com/disaster37/go-centreon-rest/v21/api/api.service.base.go:592.16,594.3 1 0
github.com/disaster37/go-centreon-rest/v21/api/api.service.base.go:595.30,597.3 1 1
github.com/disaster37/go-centreon-rest/v21/api/api.service.base.go:605.89,606.16 1 2
github.com/disaster37/go-centreon-rest/v21/api/api.service.base.go:609.2,609.19 1 2
github.com/disaster37/go-centreon-rest/v21/api/api.service.base.go:612.2,612.37 1 2
github.com/disaster37/go-centreon-rest/v21/api/api.service.base.go:615.2,623.16 6 2
github.com/disaster37/go-centreon-rest/v21/api/api.service.base.go:626.2,626.30 1 2
github.com/disaster37/go-centreon-rest/v21/api/api.service.base.go:630.2,632.12 2 1
github.com/disaster37/go-centreon-rest/v21/api/api.service.base.go:606.16,608.3 1 0
github.com/disaster37/go-centreon-rest/v21/api/api.service.base.go:609.19,611.3 1 0
github.com/disaster37/go-centreon-rest/v21/api/api.service.base.go:612.37,614.3 1 0
github.com/disaster37/go-centreon-rest/v21/api/api.service.base.go:623.16,625.3 1 0
github.com/disaster37/go-centreon-rest/v21/api/api.service.base.go:626.30,628.3 1 1
